

first input int 1

first input int 1

fsecond sql int hotel

third input int vv

4th sql out 10

first input int 1

fsecond sql int hotel

third input int Mandalay Lashio Road

4th sql out 28

first input int 3

fsecond sql int restaurant

third input int Mandalay Lashio Road

4th sql out 29

first input int 3

fsecond sql int restaurant

third input int Mandalay Lashio Road

4th sql out 30

first input int 3

fsecond sql int restaurant

third input int Mandalay Lashio Road

4th sql out 31

first input int 3

fsecond sql int restaurant

third input int Circular Road

4th sql out 32

first input int 3

fsecond sql int restaurant

third input int Circular Road

4th sql out 33

first input int 1

fsecond sql int hotel

third input int ghk

4th sql out 34

first input int 3

fsecond sql int restaurant

third input int ghgh

4th sql out 35

first input int 1

fsecond sql int hotel

third input int gugu

4th sql out 36
fail to read input

first input int 1

fsecond sql int hotel

third input int wer

4th sql out 37

first input int 1

fsecond sql int hotel

third input int we

4th sql out 38

first input int 1

fsecond sql int hotel

third input int we

4th sql out 39

first input int 1

fsecond sql int hotel

third input int yy

4th sql out 40

first input int 1

fsecond sql int hotel

third input int uu

4th sql out 41

first input int 1

fsecond sql int hotel

third input int ii

4th sql out 42

first input int 1

fsecond sql int hotel

third input int uuuu

4th sql out 43

first input int 1

fsecond sql int hotel

third input int uuiu

4th sql out 44

first input int 1

fsecond sql int hotel

third input int yyyyy

4th sql out 45

first input int 1

fsecond sql int hotel

third input int yyyyy

4th sql out 46

first input int 1

fsecond sql int hotel

third input int uuiuoo

4th sql out 47

first input int 1

fsecond sql int hotel

third input int ytg

4th sql out 48

first input int 1

fsecond sql int hotel

third input int ytg

4th sql out 49
